<?xml version="1.0" encoding="UTF-8"?>
<!-- Generated by org.testng.reporters.JUnitReportReporter -->
<testsuite hostname="DESKTOP-7C7M603" name="com.companyName.projectName.module.testCases.TC001_Create_An_Account" tests="1" failures="0" timestamp="20 Jul 2019 17:19:59 GMT" time="25.786" errors="0">
  <testcase name="TC001_Create_an_Account" time="25.786" classname="com.companyName.projectName.module.testCases.TC001_Create_An_Account"/>
</testsuite> <!-- com.companyName.projectName.module.testCases.TC001_Create_An_Account -->
