<?xml version="1.0" encoding="UTF-8"?>
<!-- Generated by org.testng.reporters.JUnitReportReporter -->
<testsuite hostname="DESKTOP-7C7M603" name="com.companyName.projectName.module.testCases.SignUpToApplication" tests="1" failures="0" timestamp="30 Jun 2019 04:12:57 GMT" time="28.699" errors="0">
  <testcase name="loginToApplication" time="28.699" classname="com.companyName.projectName.module.testCases.SignUpToApplication"/>
</testsuite> <!-- com.companyName.projectName.module.testCases.SignUpToApplication -->
