<?xml version="1.0" encoding="UTF-8"?>
<!-- Generated by org.testng.reporters.JUnitReportReporter -->
<testsuite hostname="DESKTOP-7C7M603" name="com.companyName.projectName.module.testCases.TC001_Create_An_Account3" tests="1" failures="0" timestamp="13 Jul 2019 18:08:26 GMT" time="29.422" errors="0">
  <testcase name="TC001_Create_an_Account3" time="29.422" classname="com.companyName.projectName.module.testCases.TC001_Create_An_Account3"/>
</testsuite> <!-- com.companyName.projectName.module.testCases.TC001_Create_An_Account3 -->
