<?xml version="1.0" encoding="UTF-8"?>
<!-- Generated by org.testng.reporters.JUnitReportReporter -->
<testsuite hostname="DESKTOP-7C7M603" name="com.companyName.projectName.module.testCases.LoginToApplication" tests="1" failures="0" timestamp="29 Jun 2019 03:17:50 GMT" time="21.430" errors="0">
  <testcase name="loginToApplication" time="21.430" classname="com.companyName.projectName.module.testCases.LoginToApplication"/>
</testsuite> <!-- com.companyName.projectName.module.testCases.LoginToApplication -->
