<?xml version="1.0" encoding="UTF-8"?>
<!-- Generated by org.testng.reporters.JUnitReportReporter -->
<testsuite skipped="1" hostname="DESKTOP-7C7M603" name="com.companyName.projectName.module.testCases.TC004_Create_An_Account" tests="1" failures="0" timestamp="20 Jul 2019 17:59:46 GMT" time="0.000" errors="0">
  <testcase name="TC004_Create_an_Account" time="0.000" classname="com.companyName.projectName.module.testCases.TC004_Create_An_Account">
    <skipped/>
  </testcase> <!-- TC004_Create_an_Account -->
</testsuite> <!-- com.companyName.projectName.module.testCases.TC004_Create_An_Account -->
